Arguments: 
  C:\Program Files\nodejs\node.exe C:\Users\Asus\AppData\Roaming\npm\node_modules\yarn\bin\yarn.js add antd-mobile --dev

PATH: 
  C:\Program Files (x86)\Intel\iCLS Client\;C:\Program Files\Intel\iCLS Client\;C:\Windows\system32;C:\Windows;C:\Windows\System32\Wbem;C:\Windows\System32\WindowsPowerShell\v1.0\;C:\Program Files (x86)\Intel\Intel(R) Management Engine Components\DAL;C:\Program Files\Intel\Intel(R) Management Engine Components\DAL;C:\Program Files (x86)\Intel\Intel(R) Management Engine Components\IPT;C:\Program Files\Intel\Intel(R) Management Engine Components\IPT;C:\Program Files (x86)\NVIDIA Corporation\PhysX\Common;C:\WINDOWS\system32;C:\WINDOWS;C:\WINDOWS\System32\Wbem;C:\WINDOWS\System32\WindowsPowerShell\v1.0\;C:\Program Files (x86)\Microsoft SQL Server\100\Tools\Binn\;C:\Program Files\Microsoft SQL Server\100\Tools\Binn\;C:\Program Files\Microsoft SQL Server\100\DTS\Binn\;D:\mongodb\bin;C:\Program Files\Git\cmd;C:\Program Files\MySQL\MySQL Server 5.7\bin;D:\matlab\runtime\win64;D:\matlab\bin;C:\Program Files\nodejs\;C:\Users\Asus\AppData\Local\Programs\Python\Python36\Scripts\;C:\Users\Asus\AppData\Local\Programs\Python\Python36\;C:\Users\Asus\AppData\Local\Microsoft\WindowsApps;C:\Program Files (x86)\Microsoft VS Code\bin;D:\mongodb\bin;C:\Users\Asus\AppData\Roaming\npm

Yarn version: 
  1.6.0

Node version: 
  8.11.1

Platform: 
  win32 x64

Trace: 
  Error: ENOENT: no such file or directory, copyfile 'C:\Users\Asus\AppData\Local\Yarn\Cache\v1\npm-is-extendable-1.0.1-a7470f9e426733d81bd81e1155264e3a3507cab4\index.js' -> 'D:\food1\node_modules\to-regex\node_modules\is-extendable\index.js'

npm manifest: 
  {
    "private": true,
    "scripts": {
      "start": "roadhog server",
      "build": "roadhog build",
      "lint": "eslint --ext .js src test",
      "precommit": "npm run lint"
    },
    "dependencies": {
      "dva": "^2.2.2",
      "react": "^16.2.0",
      "react-dom": "^16.2.0"
    },
    "devDependencies": {
      "babel-plugin-dva-hmr": "^0.3.2",
      "eslint": "^4.14.0",
      "eslint-config-umi": "^0.1.1",
      "eslint-plugin-flowtype": "^2.34.1",
      "eslint-plugin-import": "^2.6.0",
      "eslint-plugin-jsx-a11y": "^5.1.1",
      "eslint-plugin-react": "^7.1.0",
      "husky": "^0.12.0",
      "redbox-react": "^1.4.3",
      "roadhog": "^2.0.0"
    }
  }

yarn manifest: 
  No manifest

Lockfile: 
  No lockfile
